21:26:42.514 skipping bootstrap configuration: could not find or read file: classpath:karate-config.js
21:26:43.362 request:
1 > GET https://gorest.co.in/public-api/users?first_name=brock&status=active
1 > Accept-Encoding: gzip,deflate
1 > Authorization: Bearer GDuspNOo6MbUdF3IGBB4aX6WUB6IM_kDN-oi
1 > Connection: Keep-Alive
1 > Host: gorest.co.in
1 > User-Agent: Apache-HttpClient/4.5.5 (Java/1.8.0_202)

21:26:43.770 response time in milliseconds: 406.69
1 < 200
1 < Connection: keep-alive
1 < Content-Type: application/json; charset=UTF-8
1 < Date: Wed, 06 May 2020 15:56:44 GMT
1 < Link: <https://gorest.co.in/public-api/users?first_name=brock&status=active&page=1>; rel=self
1 < Server: nginx
1 < Set-Cookie: _csrf=d48687c8dcb5ae58150420dba9c48bb6b3497dbc73a0c57c600a143d8a52531ca%3A2%3A%7Bi%3A0%3Bs%3A5%3A%22_csrf%22%3Bi%3A1%3Bs%3A32%3A%227PYQsiSiJKrM8-B2zFtW3-xsiPVGrCWD%22%3B%7D; path=/; HttpOnly
1 < Transfer-Encoding: chunked
1 < Vary: [Accept-Encoding, Accept]
1 < X-Frame-Options: sameorigin
1 < X-Pagination-Current-Page: 1
1 < X-Pagination-Page-Count: 1
1 < X-Pagination-Per-Page: 20
1 < X-Pagination-Total-Count: 1
1 < X-Rate-Limit-Limit: 30
1 < X-Rate-Limit-Remaining: 29
1 < X-Rate-Limit-Reset: 2
{"_meta":{"success":true,"code":200,"message":"OK. Everything worked as expected.","totalCount":1,"pageCount":1,"currentPage":1,"perPage":20,"rateLimit":{"limit":30,"remaining":29,"reset":2}},"result":[{"id":"5381","first_name":"Brock","last_name":"Kertzmann","gender":"male","dob":"2003-01-05","email":"destinee24@example.net","phone":"685-920-5664 x87540","website":"http://www.armstrong.biz/nihil-possimus-quas-eius-et-fugit-inventore.html","address":"69018 Schmidt Point Suite 997\nNew Thurmanborough, AL 24708","status":"active","_links":{"self":{"href":"https://gorest.co.in/public-api/users/5381"},"edit":{"href":"https://gorest.co.in/public-api/users/5381"},"avatar":{"href":"https://lorempixel.com/250/250/people/?55478"}}}]}

21:26:08.816 assertion failed: path: $.result[*].first_name[*], actual: ["Brock"], expected: 'brock', reason: actual value does not contain expected
ssimus-quas-eius-et-fugit-inventore.html","address":"69018 Schmidt Point Suite 997\nNew Thurmanborough, AL 24708","status":"active","_links":{"self":{"href":"https://gorest.co.in/public-api/users/5381"},"edit":{"href":"https://gorest.co.in/public-api/users/5381"},"avatar":{"href":"https://lorempixel.com/250/250/people/?55478"}}},{"id":"12951","first_name":"Brock","last_name":"Barton","gender":"male","dob":"1943-09-17","email":"kevon15@example.com","phone":"916-657-8711 x68942","website":"http://www.legros.com/quidem-reprehenderit-porro-nulla-ad","address":"10960 Enos Field Apt. 917\nLake Kiera, MS 70860-3507","status":"inactive","_links":{"self":{"href":"https://gorest.co.in/public-api/users/12951"},"edit":{"href":"https://gorest.co.in/public-api/users/12951"},"avatar":{"href":"https://lorempixel.com/250/250/people/?26705"}}}]}

